<?xml version="1.0" encoding="UTF-8"?>
<!-- Generated by org.testng.reporters.JUnitReportReporter -->
<testsuite skipped="0" hostname="DESKTOP-FNF69NB" name="com.w2a.testcases.OpenAccountTest" tests="1" failures="0" timestamp="26 Apr 2017 10:08:44 GMT" time="2.709" errors="0">
  <testcase name="openAccountTest" time="2.709" classname="com.w2a.testcases.OpenAccountTest"/>
</testsuite> <!-- com.w2a.testcases.OpenAccountTest -->
