<?xml version="1.0" encoding="UTF-8"?>
<!-- Generated by org.testng.reporters.JUnitReportReporter -->
<testsuite skipped="0" hostname="DESKTOP-FNF69NB" name="com.w2a.testcases.BankManagerLoginTest" tests="1" failures="0" timestamp="26 Apr 2017 10:08:44 GMT" time="3.471" errors="0">
  <testcase name="bankManagerLoginTest" time="3.471" classname="com.w2a.testcases.BankManagerLoginTest"/>
</testsuite> <!-- com.w2a.testcases.BankManagerLoginTest -->
